<html>
<head>
<title>TestNG:  Default test</title>
<link href="../testng.css" rel="stylesheet" type="text/css" />
<link href="../my-testng.css" rel="stylesheet" type="text/css" />

<style type="text/css">
.log { display: none;} 
.stack-trace { display: none;} 
</style>
<script type="text/javascript">
<!--
function flip(e) {
  current = e.style.display;
  if (current == 'block') {
    e.style.display = 'none';
    return 0;
  }
  else {
    e.style.display = 'block';
    return 1;
  }
}

function toggleBox(szDivId, elem, msg1, msg2)
{
  var res = -1;  if (document.getElementById) {
    res = flip(document.getElementById(szDivId));
  }
  else if (document.all) {
    // this is the way old msie versions work
    res = flip(document.all[szDivId]);
  }
  if(elem) {
    if(res == 0) elem.innerHTML = msg1; else elem.innerHTML = msg2;
  }

}

function toggleAllBoxes() {
  if (document.getElementsByTagName) {
    d = document.getElementsByTagName('div');
    for (i = 0; i < d.length; i++) {
      if (d[i].className == 'log') {
        flip(d[i]);
      }
    }
  }
}

// -->
</script>

</head>
<body>
<h2 align='center'>Default test</h2><table border='1' align="center">
<tr>
<td>Tests passed/Failed/Skipped:</td><td>22/1/0</td>
</tr><tr>
<td>Started on:</td><td>Thu Aug 10 18:19:31 IST 2017</td>
</tr>
<tr><td>Total time:</td><td>157 seconds (157964 ms)</td>
</tr><tr>
<td>Included groups:</td><td></td>
</tr><tr>
<td>Excluded groups:</td><td></td>
</tr>
</table><p/>
<small><i>(Hover the method name to see the test class name)</i></small><p/>
<table width='100%' border='1' class='invocation-failed'>
<tr><td colspan='4' align='center'><b>FAILED TESTS</b></td></tr>
<tr><td><b>Test method</b></td>
<td width="30%"><b>Exception</b></td>
<td width="10%"><b>Time (seconds)</b></td>
<td><b>Instance</b></td>
</tr>
<tr>
<td title='Executor.Execute.getSteps()'><b>getSteps</b><br>Test class: Executor.Execute<br>Parameters: DemoTest, 18.0, Check issue entry for first part, GetFinTransAmt, NA, Parts (Sales), J7, 10.0, Issue, 2.22</td>
<td><div><pre>java.lang.IndexOutOfBoundsException: Index: 71, Size: 71
	at java.util.ArrayList.rangeCheck(ArrayList.java:653)
	at java.util.ArrayList.get(ArrayList.java:429)
	at AppKeywords.getFinTransAmt.getFinTransAmount(getFinTransAmt.java:50)
	at Executor.ExecuteKeywords.ExecuteTheKeywords(ExecuteKeywords.java:73)
	at Executor.Execute.getSteps(Execute.java:17)
	at sun.reflect.GeneratedMethodAccessor2.invoke(Unknown Source)
	at sun.reflect.DelegatingMethodAccessorImpl.invoke(DelegatingMethodAccessorImpl.java:43)
	at java.lang.reflect.Method.invoke(Method.java:497)
	at org.testng.internal.MethodInvocationHelper.invokeMethod(MethodInvocationHelper.java:85)
	at org.testng.internal.Invoker.invokeMethod(Invoker.java:639)
	at org.testng.internal.Invoker.invokeTestMethod(Invoker.java:821)
	at org.testng.internal.Invoker.invokeTestMethods(Invoker.java:1131)
	at org.testng.internal.TestMethodWorker.invokeTestMethods(TestMethodWorker.java:124)
	at org.testng.internal.TestMethodWorker.run(TestMethodWorker.java:108)
	at org.testng.TestRunner.privateRun(TestRunner.java:773)
	at org.testng.TestRunner.run(TestRunner.java:623)
	at org.testng.SuiteRunner.runTest(SuiteRunner.java:357)
	at org.testng.SuiteRunner.runSequentially(SuiteRunner.java:352)
	at org.testng.SuiteRunner.privateRun(SuiteRunner.java:310)
	at org.testng.SuiteRunner.run(SuiteRunner.java:259)
	at org.testng.SuiteRunnerWorker.runSuite(SuiteRunnerWorker.java:52)
	at org.testng.SuiteRunnerWorker.run(SuiteRunnerWorker.java:86)
	at org.testng.TestNG.runSuitesSequentially(TestNG.java:1185)
	at org.testng.TestNG.runSuitesLocally(TestNG.java:1110)
	at org.testng.TestNG.run(TestNG.java:1018)
	at org.testng.remote.AbstractRemoteTestNG.run(AbstractRemoteTestNG.java:126)
	at org.testng.remote.RemoteTestNG.initAndRun(RemoteTestNG.java:137)
	at org.testng.remote.RemoteTestNG.main(RemoteTestNG.java:58)
</pre></div><a href='#' onClick='toggleBox("stack-trace1153933106", this, "Click to show all stack frames", "Click to hide stack frames")'>Click to show all stack frames</a>
<div class='stack-trace' id='stack-trace1153933106'><pre>java.lang.IndexOutOfBoundsException: Index: 71, Size: 71
	at java.util.ArrayList.rangeCheck(ArrayList.java:653)
	at java.util.ArrayList.get(ArrayList.java:429)
	at AppKeywords.getFinTransAmt.getFinTransAmount(getFinTransAmt.java:50)
	at Executor.ExecuteKeywords.ExecuteTheKeywords(ExecuteKeywords.java:73)
	at Executor.Execute.getSteps(Execute.java:17)
	at sun.reflect.GeneratedMethodAccessor2.invoke(Unknown Source)
	at sun.reflect.DelegatingMethodAccessorImpl.invoke(DelegatingMethodAccessorImpl.java:43)
	at java.lang.reflect.Method.invoke(Method.java:497)
	at org.testng.internal.MethodInvocationHelper.invokeMethod(MethodInvocationHelper.java:85)
	at org.testng.internal.Invoker.invokeMethod(Invoker.java:639)
	at org.testng.internal.Invoker.invokeTestMethod(Invoker.java:821)
	at org.testng.internal.Invoker.invokeTestMethods(Invoker.java:1131)
	at org.testng.internal.TestMethodWorker.invokeTestMethods(TestMethodWorker.java:124)
	at org.testng.internal.TestMethodWorker.run(TestMethodWorker.java:108)
	at org.testng.TestRunner.privateRun(TestRunner.java:773)
	at org.testng.TestRunner.run(TestRunner.java:623)
	at org.testng.SuiteRunner.runTest(SuiteRunner.java:357)
	at org.testng.SuiteRunner.runSequentially(SuiteRunner.java:352)
	at org.testng.SuiteRunner.privateRun(SuiteRunner.java:310)
	at org.testng.SuiteRunner.run(SuiteRunner.java:259)
	at org.testng.SuiteRunnerWorker.runSuite(SuiteRunnerWorker.java:52)
	at org.testng.SuiteRunnerWorker.run(SuiteRunnerWorker.java:86)
	at org.testng.TestNG.runSuitesSequentially(TestNG.java:1185)
	at org.testng.TestNG.runSuitesLocally(TestNG.java:1110)
	at org.testng.TestNG.run(TestNG.java:1018)
	at org.testng.remote.AbstractRemoteTestNG.run(AbstractRemoteTestNG.java:126)
	at org.testng.remote.RemoteTestNG.initAndRun(RemoteTestNG.java:137)
	at org.testng.remote.RemoteTestNG.main(RemoteTestNG.java:58)
</pre></div></td>
<td>40</td>
<td>Executor.Execute@6a4f787b</td></tr>
</table><p>
<table width='100%' border='1' class='invocation-passed'>
<tr><td colspan='4' align='center'><b>PASSED TESTS</b></td></tr>
<tr><td><b>Test method</b></td>
<td width="30%"><b>Exception</b></td>
<td width="10%"><b>Time (seconds)</b></td>
<td><b>Instance</b></td>
</tr>
<tr>
<td title='Executor.Execute.getSteps()'><b>getSteps</b><br>Test class: Executor.Execute<br>Parameters: DemoTest, 1.0, Open the Brower and Login, LaunchBrowser, NA, https://proxima-ln4.e-emphasys.com:8441/webui/servlet/login, Chrome, rgajbhiye, Robin#123, NA</td>
<td></td>
<td>10</td>
<td>Executor.Execute@6a4f787b</td></tr>
<tr>
<td title='Executor.Execute.getSteps()'><b>getSteps</b><br>Test class: Executor.Execute<br>Parameters: DemoTest, 2.0, Open Part Sales Order MultiOCC, OpenSession, NA, tdsls4500m002, NA, NA, NA, NA</td>
<td></td>
<td>5</td>
<td>Executor.Execute@6a4f787b</td></tr>
<tr>
<td title='Executor.Execute.getSteps()'><b>getSteps</b><br>Test class: Executor.Execute<br>Parameters: DemoTest, 3.0, Click on New Button, Click, tdsls4500m002-0-button-std-file.new, NA, NA, NA, NA, NA</td>
<td></td>
<td>4</td>
<td>Executor.Execute@6a4f787b</td></tr>
<tr>
<td title='Executor.Execute.getSteps()'><b>getSteps</b><br>Test class: Executor.Execute<br>Parameters: DemoTest, 4.0, Enter Customer, EnterText, tdtre4101m002-1-tdsls400.ofbp-1-lookup-widget, M00000182, NA, NA, NA, NA</td>
<td></td>
<td>3</td>
<td>Executor.Execute@6a4f787b</td></tr>
<tr>
<td title='Executor.Execute.getSteps()'><b>getSteps</b><br>Test class: Executor.Execute<br>Parameters: DemoTest, 5.0, Click on Save Button, Click, tdtre4101m002-1-button-std-file.save, NA, NA, NA, NA, NA</td>
<td></td>
<td>4</td>
<td>Executor.Execute@6a4f787b</td></tr>
<tr>
<td title='Executor.Execute.getSteps()'><b>getSteps</b><br>Test class: Executor.Execute<br>Parameters: DemoTest, 6.0, Get the Sale Order Number, GetText, tdtre4101m002-1-tdsls400.orno-15-lookup-widget, NA, NA, NA, NA, PS0049381</td>
<td></td>
<td>0</td>
<td>Executor.Execute@6a4f787b</td></tr>
<tr>
<td title='Executor.Execute.getSteps()'><b>getSteps</b><br>Test class: Executor.Execute<br>Parameters: DemoTest, 7.0, Get the Screenshot, TakeScreenshot, NA, J7, NA, NA, NA, NA</td>
<td></td>
<td>0</td>
<td>Executor.Execute@6a4f787b</td></tr>
<tr>
<td title='Executor.Execute.getSteps()'><b>getSteps</b><br>Test class: Executor.Execute<br>Parameters: DemoTest, 8.0, Drag, Drag, NA, NA, NA, NA, NA, NA</td>
<td></td>
<td>1</td>
<td>Executor.Execute@6a4f787b</td></tr>
<tr>
<td title='Executor.Execute.getSteps()'><b>getSteps</b><br>Test class: Executor.Execute<br>Parameters: DemoTest, 9.0, Add part line 1, AddPartLine, NA, 1.0, KP3, 1.0, NA, NA</td>
<td></td>
<td>19</td>
<td>Executor.Execute@6a4f787b</td></tr>
<tr>
<td title='Executor.Execute.getSteps()'><b>getSteps</b><br>Test class: Executor.Execute<br>Parameters: DemoTest1, 10.0, Add part line 2, AddPartLine, NA, 2.0, KP4, 2.0, NA, NA</td>
<td></td>
<td>0</td>
<td>Executor.Execute@6a4f787b</td></tr>
<tr>
<td title='Executor.Execute.getSteps()'><b>getSteps</b><br>Test class: Executor.Execute<br>Parameters: DemoTest1, 11.0, Add part line 3, AddPartLine, NA, 3.0, KP5, 3.0, NA, NA</td>
<td></td>
<td>0</td>
<td>Executor.Execute@6a4f787b</td></tr>
<tr>
<td title='Executor.Execute.getSteps()'><b>getSteps</b><br>Test class: Executor.Execute<br>Parameters: DemoTest1, 12.0, Add part line 4, AddPartLine, NA, 4.0, KP6, 4.0, NA, NA</td>
<td></td>
<td>0</td>
<td>Executor.Execute@6a4f787b</td></tr>
<tr>
<td title='Executor.Execute.getSteps()'><b>getSteps</b><br>Test class: Executor.Execute<br>Parameters: DemoTest, 13.0, Click On Action Button, Click, tdtre4101m002-1-button-std:action, NA, NA, NA, NA, NA</td>
<td></td>
<td>4</td>
<td>Executor.Execute@6a4f787b</td></tr>
<tr>
<td title='Executor.Execute.getSteps()'><b>getSteps</b><br>Test class: Executor.Execute<br>Parameters: DemoTest, 14.0, Click on Pick and Pack, Click, tdtre4101m002-1-menu-std:action-form-pick.and.pack-label, NA, NA, NA, NA, NA</td>
<td></td>
<td>4</td>
<td>Executor.Execute@6a4f787b</td></tr>
<tr>
<td title='Executor.Execute.getSteps()'><b>getSteps</b><br>Test class: Executor.Execute<br>Parameters: DemoTest, 15.0, Click on location option, Click, dlg-tdtre4101m002-1-input-button-1-label, NA, NA, NA, NA, NA</td>
<td></td>
<td>4</td>
<td>Executor.Execute@6a4f787b</td></tr>
<tr>
<td title='Executor.Execute.getSteps()'><b>getSteps</b><br>Test class: Executor.Execute<br>Parameters: DemoTest, 16.0, wait for 10 seconds, Wait, NA, 10000.0, NA, NA, NA, NA</td>
<td></td>
<td>10</td>
<td>Executor.Execute@6a4f787b</td></tr>
<tr>
<td title='Executor.Execute.getSteps()'><b>getSteps</b><br>Test class: Executor.Execute<br>Parameters: DemoTest, 17.0, get mauc for first part, GetTheMauc, NA, KP3, wh001, NA, NA, 4.44</td>
<td></td>
<td>43</td>
<td>Executor.Execute@6a4f787b</td></tr>
<tr>
<td title='Executor.Execute.getSteps()'><b>getSteps</b><br>Test class: Executor.Execute<br>Parameters: DemoTest, 19.0, Compare Mauc and isssue, Assert, NA, J18, J19, NA, NA, NA</td>
<td></td>
<td>0</td>
<td>Executor.Execute@6a4f787b</td></tr>
<tr>
<td title='Executor.Execute.getSteps()'><b>getSteps</b><br>Test class: Executor.Execute<br>Parameters: DemoTest1, 20.0, get mauc for Second part, GetTheMauc, NA, KP4, wh001, NA, 8.0, NA</td>
<td></td>
<td>0</td>
<td>Executor.Execute@6a4f787b</td></tr>
<tr>
<td title='Executor.Execute.getSteps()'><b>getSteps</b><br>Test class: Executor.Execute<br>Parameters: DemoTest1, 21.0, get mauc for Third part, GetTheMauc, NA, KP5, wh001, NA, 11.0, NA</td>
<td></td>
<td>0</td>
<td>Executor.Execute@6a4f787b</td></tr>
<tr>
<td title='Executor.Execute.getSteps()'><b>getSteps</b><br>Test class: Executor.Execute<br>Parameters: DemoTest1, 22.0, get mauc for Fourth part, GetTheMauc, NA, KP6, wh001, NA, 14.0, NA</td>
<td></td>
<td>0</td>
<td>Executor.Execute@6a4f787b</td></tr>
<tr>
<td title='Executor.Execute.getSteps()'><b>getSteps</b><br>Test class: Executor.Execute<br>Parameters: DemoTest1, 23.0, Get part issue, GetFinTransAmt, na, Parts (Sales), J7, 10.0, Issue, NA</td>
<td></td>
<td>0</td>
<td>Executor.Execute@6a4f787b</td></tr>
</table><p>
</body>
</html>