<?xml version="1.0" encoding="UTF-8"?>
<!-- Generated by org.testng.reporters.JUnitXMLReporter -->
<testsuite hostname="EET-RG" name="Default test" tests="23" failures="1" timestamp="10 Aug 2017 12:52:09 GMT" time="157.964" errors="0">
  <testcase name="getSteps" time="10.522" classname="Executor.Execute"/>
  <testcase name="getSteps" time="5.471" classname="Executor.Execute"/>
  <testcase name="getSteps" time="4.184" classname="Executor.Execute"/>
  <testcase name="getSteps" time="3.683" classname="Executor.Execute"/>
  <testcase name="getSteps" time="4.23" classname="Executor.Execute"/>
  <testcase name="getSteps" time="0.481" classname="Executor.Execute"/>
  <testcase name="getSteps" time="0.531" classname="Executor.Execute"/>
  <testcase name="getSteps" time="1.193" classname="Executor.Execute"/>
  <testcase name="getSteps" time="19.051" classname="Executor.Execute"/>
  <testcase name="getSteps" time="0.047" classname="Executor.Execute"/>
  <testcase name="getSteps" time="0.036" classname="Executor.Execute"/>
  <testcase name="getSteps" time="0.032" classname="Executor.Execute"/>
  <testcase name="getSteps" time="4.235" classname="Executor.Execute"/>
  <testcase name="getSteps" time="4.159" classname="Executor.Execute"/>
  <testcase name="getSteps" time="4.203" classname="Executor.Execute"/>
  <testcase name="getSteps" time="10.032" classname="Executor.Execute"/>
  <testcase name="getSteps" time="43.376" classname="Executor.Execute"/>
  <testcase name="getSteps" time="40.51" classname="Executor.Execute">
    <failure type="java.lang.IndexOutOfBoundsException" message="Index: 71, Size: 71">
      <![CDATA[java.lang.IndexOutOfBoundsException: Index: 71, Size: 71
	at java.util.ArrayList.rangeCheck(ArrayList.java:653)
	at java.util.ArrayList.get(ArrayList.java:429)
	at AppKeywords.getFinTransAmt.getFinTransAmount(getFinTransAmt.java:50)
	at Executor.ExecuteKeywords.ExecuteTheKeywords(ExecuteKeywords.java:73)
	at Executor.Execute.getSteps(Execute.java:17)
	at sun.reflect.GeneratedMethodAccessor2.invoke(Unknown Source)
	at sun.reflect.DelegatingMethodAccessorImpl.invoke(DelegatingMethodAccessorImpl.java:43)
	at java.lang.reflect.Method.invoke(Method.java:497)
	at org.testng.internal.MethodInvocationHelper.invokeMethod(MethodInvocationHelper.java:85)
	at org.testng.internal.Invoker.invokeMethod(Invoker.java:639)
	at org.testng.internal.Invoker.invokeTestMethod(Invoker.java:821)
	at org.testng.internal.Invoker.invokeTestMethods(Invoker.java:1131)
	at org.testng.internal.TestMethodWorker.invokeTestMethods(TestMethodWorker.java:124)
	at org.testng.internal.TestMethodWorker.run(TestMethodWorker.java:108)
	at org.testng.TestRunner.privateRun(TestRunner.java:773)
	at org.testng.TestRunner.run(TestRunner.java:623)
	at org.testng.SuiteRunner.runTest(SuiteRunner.java:357)
	at org.testng.SuiteRunner.runSequentially(SuiteRunner.java:352)
	at org.testng.SuiteRunner.privateRun(SuiteRunner.java:310)
	at org.testng.SuiteRunner.run(SuiteRunner.java:259)
	at org.testng.SuiteRunnerWorker.runSuite(SuiteRunnerWorker.java:52)
	at org.testng.SuiteRunnerWorker.run(SuiteRunnerWorker.java:86)
	at org.testng.TestNG.runSuitesSequentially(TestNG.java:1185)
	at org.testng.TestNG.runSuitesLocally(TestNG.java:1110)
	at org.testng.TestNG.run(TestNG.java:1018)
	at org.testng.remote.AbstractRemoteTestNG.run(AbstractRemoteTestNG.java:126)
	at org.testng.remote.RemoteTestNG.initAndRun(RemoteTestNG.java:137)
	at org.testng.remote.RemoteTestNG.main(RemoteTestNG.java:58)
]]>
    </failure>
  </testcase> <!-- getSteps -->
  <testcase name="getSteps" time="0.017" classname="Executor.Execute"/>
  <testcase name="getSteps" time="0.027" classname="Executor.Execute"/>
  <testcase name="getSteps" time="0.018" classname="Executor.Execute"/>
  <testcase name="getSteps" time="0.018" classname="Executor.Execute"/>
  <testcase name="getSteps" time="0.045" classname="Executor.Execute"/>
</testsuite> <!-- Default test -->
